   1                             		.file	"hardware_setup.cpp"
   2                             		.section P,"ax"
   3                             	.Ltext0:
   4                             		.global	_HardwareSetup
   6                             	_HardwareSetup:
   7                             	.LFB0:
   8                             		.file 1 "../src/other/hardware_setup.cpp"
   1:../src/other/hardware_setup.cpp **** /***************************************************************/
   2:../src/other/hardware_setup.cpp **** /*                                                             */
   3:../src/other/hardware_setup.cpp **** /*      PROJECT NAME :  umouse                                 */
   4:../src/other/hardware_setup.cpp **** /*      FILE         :  hardware_setup.cpp                     */
   5:../src/other/hardware_setup.cpp **** /*      DESCRIPTION  :  Hardware Initialization                */
   6:../src/other/hardware_setup.cpp **** /*      CPU SERIES   :  RX700                                  */
   7:../src/other/hardware_setup.cpp **** /*      CPU TYPE     :  RX71M                                  */
   8:../src/other/hardware_setup.cpp **** /*                                                             */
   9:../src/other/hardware_setup.cpp **** /*      This file is generated by e2 studio.                   */
  10:../src/other/hardware_setup.cpp **** /*                                                             */
  11:../src/other/hardware_setup.cpp **** /***************************************************************/                                
  12:../src/other/hardware_setup.cpp ****                                                                            
  13:../src/other/hardware_setup.cpp ****                                                                            
  14:../src/other/hardware_setup.cpp **** /************************************************************************/
  15:../src/other/hardware_setup.cpp **** /*    File Version: V1.00                                               */
  16:../src/other/hardware_setup.cpp **** /*    Date Generated: 08/07/2013                                        */
  17:../src/other/hardware_setup.cpp **** /************************************************************************/
  18:../src/other/hardware_setup.cpp **** 
  19:../src/other/hardware_setup.cpp **** #include "iodefine.h"
  20:../src/other/hardware_setup.cpp **** #ifdef __cplusplus
  21:../src/other/hardware_setup.cpp **** extern "C" {
  22:../src/other/hardware_setup.cpp **** #endif
  23:../src/other/hardware_setup.cpp **** extern void HardwareSetup(void);
  24:../src/other/hardware_setup.cpp **** #ifdef __cplusplus
  25:../src/other/hardware_setup.cpp **** }
  26:../src/other/hardware_setup.cpp **** #endif
  27:../src/other/hardware_setup.cpp **** 
  28:../src/other/hardware_setup.cpp **** void HardwareSetup(void)
  29:../src/other/hardware_setup.cpp **** {
   9                             		.loc 1 29 0
  10 0000 02                      		rts
  11                             	.LFE0:
  39                             	.Letext0:
