   1                             		.file	"mode_R.cpp"
   2                             		.section P,"ax"
   3                             	.Ltext0:
   4                             		.section	.rodata.str1.1,"aMS",@progbits,1
   5                             	.LC0:
   6 0000 52 20 6D 6F 64 65 0A 00 		.string	"R mode\n"
   7                             		.section P,"ax"
   8                             		.global	__Z6mode_Rv
  10                             	__Z6mode_Rv:
  11                             	.LFB37:
  12                             		.file 1 "../src/mode/mode_R.cpp"
   1:../src/mode/mode_R.cpp **** /*
   2:../src/mode/mode_R.cpp ****  * mode_N.cpp
   3:../src/mode/mode_R.cpp ****  *
   4:../src/mode/mode_R.cpp ****  *  Created on: 2017/02/25
   5:../src/mode/mode_R.cpp ****  *      Author: ryota
   6:../src/mode/mode_R.cpp ****  */
   7:../src/mode/mode_R.cpp **** 
   8:../src/mode/mode_R.cpp **** 
   9:../src/mode/mode_R.cpp **** 
  10:../src/mode/mode_R.cpp **** 
  11:../src/mode/mode_R.cpp **** #include <stdint.h>
  12:../src/mode/mode_R.cpp **** #include "mode_R.h"
  13:../src/mode/mode_R.cpp **** #include "tactsw.h"
  14:../src/mode/mode_R.cpp **** #include "timer.h"
  15:../src/mode/mode_R.cpp **** #include "fcled.h"
  16:../src/mode/mode_R.cpp **** #include "sound.h"
  17:../src/mode/mode_R.cpp **** #include "uart.hpp"
  18:../src/mode/mode_R.cpp **** #include "pwm.h"
  19:../src/mode/mode_R.cpp **** 
  20:../src/mode/mode_R.cpp **** void mode_R(){
  13                             		.loc 1 20 0
  14 0000 60 40                   		sub	#4, r0
  15                             	.LCFI0:
  21:../src/mode/mode_R.cpp **** 	myprintf3("R mode\n");
  16                             		.loc 1 21 0
  17 0002 F8 02 00 00 00 00       		mov.L	#.LC0, [r0]
  18 0008 05 00 00 00             		bsr	__Z9myprintf3PKcz
  19                             	.LVL0:
  22:../src/mode/mode_R.cpp **** 	setDutyMTU4(0.1);
  20                             		.loc 1 22 0
  21 000c FB 12 CD CC CC 3D       		mov.L	#0x3dcccccd, r1
  23:../src/mode/mode_R.cpp **** }
  22                             		.loc 1 23 0
  23 0012 62 40                   		add	#4, r0
  22:../src/mode/mode_R.cpp **** 	setDutyMTU4(0.1);
  24                             		.loc 1 22 0
  25 0014 04 00 00 00             		bra	__Z11setDutyMTU4f
  26                             	.LVL1:
  27                             	.LFE37:
  59                             	.Letext0:
  60                             		.file 2 "C:\\Users\\ryota\\e2_studio\\workspace\\umouse\\src\\umouse_object/sound.h"
  61                             		.file 3 "C:\\Users\\ryota\\e2_studio\\workspace\\umouse\\src\\peripheral/uart.hpp"
  62                             		.file 4 "C:\\Users\\ryota\\e2_studio\\workspace\\umouse\\src\\peripheral/pwm.h"
